2021-10-22 10:46:03,689:INFO:PyCaret Supervised Module
2021-10-22 10:46:03,689:INFO:ML Usecase: classification
2021-10-22 10:46:03,690:INFO:version 2.3.4
2021-10-22 10:46:03,691:INFO:Initializing setup()
2021-10-22 10:46:03,691:INFO:setup(target=turnover, ml_usecase=classification, available_plots={'parameter': 'Hyperparameters', 'auc': 'AUC', 'confusion_matrix': 'Confusion Matrix', 'threshold': 'Threshold', 'pr': 'Precision Recall', 'error': 'Prediction Error', 'class_report': 'Class Report', 'rfe': 'Feature Selection', 'learning': 'Learning Curve', 'manifold': 'Manifold Learning', 'calibration': 'Calibration Curve', 'vc': 'Validation Curve', 'dimension': 'Dimensions', 'feature': 'Feature Importance', 'feature_all': 'Feature Importance (All)', 'boundary': 'Decision Boundary', 'lift': 'Lift Chart', 'gain': 'Gain Chart', 'tree': 'Decision Tree', 'ks': 'KS Statistic Plot'}, train_size=0.7, test_data=None, preprocess=True, imputation_type=simple, iterative_imputation_iters=5, categorical_features=None, categorical_imputation=constant, categorical_iterative_imputer=lightgbm, ordinal_features=None, high_cardinality_features=None, high_cardinality_method=frequency, numeric_features=['yearsAtCompany'], numeric_imputation=mean, numeric_iterative_imputer=lightgbm, date_features=None, ignore_features=None, normalize=True, normalize_method=minmax, transformation=False, transformation_method=yeo-johnson, handle_unknown_categorical=True, unknown_categorical_method=least_frequent, pca=False, pca_method=linear, pca_components=None, ignore_low_variance=False, combine_rare_levels=False, rare_level_threshold=0.1, bin_numeric_features=None, remove_outliers=False, outliers_threshold=0.05, remove_multicollinearity=False, multicollinearity_threshold=0.9, remove_perfect_collinearity=True, create_clusters=False, cluster_iter=20, polynomial_features=False, polynomial_degree=2, trigonometry_features=False, polynomial_threshold=0.1, group_features=None, group_names=None, feature_selection=False, feature_selection_threshold=0.8, feature_selection_method=classic, feature_interaction=False, feature_ratio=False, interaction_threshold=0.01, fix_imbalance=True, fix_imbalance_method=None, transform_target=False, transform_target_method=box-cox, data_split_shuffle=True, data_split_stratify=True, fold_strategy=stratifiedkfold, fold=10, fold_shuffle=False, fold_groups=None, n_jobs=-1, use_gpu=False, custom_pipeline=None, html=True, session_id=None, log_experiment=False, experiment_name=None, log_plots=False, log_profile=False, log_data=False, silent=False, verbose=True, profile=False, profile_kwargs=None, display=None)
2021-10-22 10:46:03,692:INFO:Checking environment
2021-10-22 10:46:03,692:INFO:python_version: 3.8.8
2021-10-22 10:46:03,692:INFO:python_build: ('default', 'Apr 13 2021 15:08:03')
2021-10-22 10:46:03,693:INFO:machine: AMD64
2021-10-22 10:46:03,694:INFO:platform: Windows-10-10.0.19041-SP0
2021-10-22 10:46:03,695:INFO:Memory: svmem(total=8496861184, available=595640320, percent=93.0, used=7901220864, free=595640320)
2021-10-22 10:46:03,695:INFO:Physical Core: 2
2021-10-22 10:46:03,695:INFO:Logical Core: 4
2021-10-22 10:46:03,695:INFO:Checking libraries
2021-10-22 10:46:03,696:INFO:pd==1.2.4
2021-10-22 10:46:03,696:INFO:numpy==1.19.5
2021-10-22 10:46:03,696:INFO:sklearn==0.23.2
2021-10-22 10:46:03,696:INFO:lightgbm==3.3.0
2021-10-22 10:46:03,698:WARNING:catboost not found
2021-10-22 10:46:03,700:WARNING:xgboost not found
2021-10-22 10:46:05,599:INFO:mlflow==1.20.2
2021-10-22 10:46:05,600:INFO:Checking Exceptions
2021-10-22 10:46:05,600:INFO:Declaring global variables
2021-10-22 10:46:05,601:INFO:USI: c4e5
2021-10-22 10:46:05,601:INFO:pycaret_globals: {'transform_target_param', '_gpu_n_jobs_param', 'fold_param', 'y_train', 'prep_pipe', 'create_model_container', 'X_test', 'gpu_param', 'transform_target_method_param', 'USI', 'fix_imbalance_method_param', 'seed', 'log_plots_param', '_all_models', '_all_metrics', 'y', 'imputation_regressor', 'fold_generator', 'imputation_classifier', 'X_train', 'fold_groups_param_full', 'target_param', 'experiment__', '_ml_usecase', '_internal_pipeline', 'data_before_preprocess', 'fold_shuffle_param', '_available_plots', 'X', 'stratify_param', 'exp_name_log', 'html_param', '_all_models_internal', 'fold_groups_param', 'display_container', 'fix_imbalance_param', 'pycaret_globals', 'n_jobs_param', 'logging_param', 'iterative_imputation_iters_param', 'y_test', 'master_model_container'}
2021-10-22 10:46:05,601:INFO:Preparing display monitor
2021-10-22 10:46:05,601:INFO:Preparing display monitor
2021-10-22 10:46:05,648:INFO:Importing libraries
2021-10-22 10:46:05,649:INFO:Copying data for preprocessing
2021-10-22 10:46:05,686:INFO:Declaring preprocessing parameters
2021-10-22 10:46:05,691:INFO:Creating preprocessing pipeline
2021-10-22 10:46:05,723:INFO:Preprocessing pipeline created successfully
2021-10-22 10:46:05,724:ERROR:(Process Exit): setup has been interupted with user command 'quit'. setup must rerun.
2021-10-22 10:46:05,724:INFO:Creating global containers
2021-10-22 10:46:05,728:INFO:Internal pipeline: Pipeline(memory=None,
         steps=[('fix_imbalance',
                 SMOTE(k_neighbors=5, n_jobs=None, random_state=5809,
                       sampling_strategy='auto'))],
         verbose=False)
2021-10-22 11:10:43,105:INFO:PyCaret Supervised Module
2021-10-22 11:10:43,105:INFO:ML Usecase: classification
2021-10-22 11:10:43,106:INFO:version 2.3.4
2021-10-22 11:10:43,106:INFO:Initializing setup()
2021-10-22 11:10:43,106:INFO:setup(target=turnover, ml_usecase=classification, available_plots={'parameter': 'Hyperparameters', 'auc': 'AUC', 'confusion_matrix': 'Confusion Matrix', 'threshold': 'Threshold', 'pr': 'Precision Recall', 'error': 'Prediction Error', 'class_report': 'Class Report', 'rfe': 'Feature Selection', 'learning': 'Learning Curve', 'manifold': 'Manifold Learning', 'calibration': 'Calibration Curve', 'vc': 'Validation Curve', 'dimension': 'Dimensions', 'feature': 'Feature Importance', 'feature_all': 'Feature Importance (All)', 'boundary': 'Decision Boundary', 'lift': 'Lift Chart', 'gain': 'Gain Chart', 'tree': 'Decision Tree', 'ks': 'KS Statistic Plot'}, train_size=0.7, test_data=None, preprocess=True, imputation_type=simple, iterative_imputation_iters=5, categorical_features=None, categorical_imputation=constant, categorical_iterative_imputer=lightgbm, ordinal_features=None, high_cardinality_features=None, high_cardinality_method=frequency, numeric_features=None, numeric_imputation=mean, numeric_iterative_imputer=lightgbm, date_features=None, ignore_features=None, normalize=True, normalize_method=minmax, transformation=False, transformation_method=yeo-johnson, handle_unknown_categorical=True, unknown_categorical_method=least_frequent, pca=False, pca_method=linear, pca_components=None, ignore_low_variance=False, combine_rare_levels=False, rare_level_threshold=0.1, bin_numeric_features=None, remove_outliers=False, outliers_threshold=0.05, remove_multicollinearity=False, multicollinearity_threshold=0.9, remove_perfect_collinearity=True, create_clusters=False, cluster_iter=20, polynomial_features=False, polynomial_degree=2, trigonometry_features=False, polynomial_threshold=0.1, group_features=None, group_names=None, feature_selection=False, feature_selection_threshold=0.8, feature_selection_method=classic, feature_interaction=False, feature_ratio=False, interaction_threshold=0.01, fix_imbalance=True, fix_imbalance_method=None, transform_target=False, transform_target_method=box-cox, data_split_shuffle=True, data_split_stratify=True, fold_strategy=stratifiedkfold, fold=10, fold_shuffle=False, fold_groups=None, n_jobs=-1, use_gpu=False, custom_pipeline=None, html=True, session_id=None, log_experiment=False, experiment_name=None, log_plots=False, log_profile=False, log_data=False, silent=False, verbose=True, profile=False, profile_kwargs=None, display=None)
2021-10-22 11:10:43,106:INFO:Checking environment
2021-10-22 11:10:43,107:INFO:python_version: 3.8.8
2021-10-22 11:10:43,107:INFO:python_build: ('default', 'Apr 13 2021 15:08:03')
2021-10-22 11:10:43,107:INFO:machine: AMD64
2021-10-22 11:10:43,108:INFO:platform: Windows-10-10.0.19041-SP0
2021-10-22 11:10:43,108:INFO:Memory: svmem(total=8496861184, available=563052544, percent=93.4, used=7933808640, free=563052544)
2021-10-22 11:10:43,108:INFO:Physical Core: 2
2021-10-22 11:10:43,108:INFO:Logical Core: 4
2021-10-22 11:10:43,109:INFO:Checking libraries
2021-10-22 11:10:43,109:INFO:pd==1.2.4
2021-10-22 11:10:43,109:INFO:numpy==1.19.5
2021-10-22 11:10:43,109:INFO:sklearn==0.23.2
2021-10-22 11:10:43,109:INFO:lightgbm==3.3.0
2021-10-22 11:10:43,111:WARNING:catboost not found
2021-10-22 11:10:43,113:WARNING:xgboost not found
2021-10-22 11:10:44,339:INFO:mlflow==1.20.2
2021-10-22 11:10:44,340:INFO:Checking Exceptions
2021-10-22 11:10:44,341:INFO:Declaring global variables
2021-10-22 11:10:44,341:INFO:USI: 67e2
2021-10-22 11:10:44,341:INFO:pycaret_globals: {'logging_param', 'html_param', 'display_container', 'X_test', 'USI', '_all_models_internal', 'X', 'imputation_regressor', '_ml_usecase', 'log_plots_param', 'seed', 'y_test', 'iterative_imputation_iters_param', 'create_model_container', 'fix_imbalance_param', 'imputation_classifier', '_available_plots', 'transform_target_param', 'fold_groups_param', 'transform_target_method_param', 'exp_name_log', 'X_train', '_all_models', 'y', 'fold_groups_param_full', 'n_jobs_param', 'prep_pipe', 'gpu_param', '_gpu_n_jobs_param', 'target_param', '_internal_pipeline', 'fold_generator', 'experiment__', 'stratify_param', 'fold_shuffle_param', 'y_train', 'pycaret_globals', '_all_metrics', 'fix_imbalance_method_param', 'master_model_container', 'fold_param', 'data_before_preprocess'}
2021-10-22 11:10:44,341:INFO:Preparing display monitor
2021-10-22 11:10:44,342:INFO:Preparing display monitor
2021-10-22 11:10:44,396:INFO:Importing libraries
2021-10-22 11:10:44,396:INFO:Copying data for preprocessing
2021-10-22 11:10:44,429:INFO:Declaring preprocessing parameters
2021-10-22 11:10:44,439:INFO:Creating preprocessing pipeline
2021-10-22 11:10:44,472:INFO:Preprocessing pipeline created successfully
2021-10-22 11:10:44,473:ERROR:(Process Exit): setup has been interupted with user command 'quit'. setup must rerun.
2021-10-22 11:10:44,473:INFO:Creating global containers
2021-10-22 11:10:44,476:INFO:Internal pipeline: Pipeline(memory=None,
         steps=[('fix_imbalance',
                 SMOTE(k_neighbors=5, n_jobs=None, random_state=8411,
                       sampling_strategy='auto'))],
         verbose=False)
2021-10-22 11:13:03,954:INFO:PyCaret Supervised Module
2021-10-22 11:13:03,955:INFO:ML Usecase: classification
2021-10-22 11:13:03,955:INFO:version 2.3.4
2021-10-22 11:13:03,955:INFO:Initializing setup()
2021-10-22 11:13:03,955:INFO:setup(target=turnover, ml_usecase=classification, available_plots={'parameter': 'Hyperparameters', 'auc': 'AUC', 'confusion_matrix': 'Confusion Matrix', 'threshold': 'Threshold', 'pr': 'Precision Recall', 'error': 'Prediction Error', 'class_report': 'Class Report', 'rfe': 'Feature Selection', 'learning': 'Learning Curve', 'manifold': 'Manifold Learning', 'calibration': 'Calibration Curve', 'vc': 'Validation Curve', 'dimension': 'Dimensions', 'feature': 'Feature Importance', 'feature_all': 'Feature Importance (All)', 'boundary': 'Decision Boundary', 'lift': 'Lift Chart', 'gain': 'Gain Chart', 'tree': 'Decision Tree', 'ks': 'KS Statistic Plot'}, train_size=0.7, test_data=None, preprocess=True, imputation_type=simple, iterative_imputation_iters=5, categorical_features=None, categorical_imputation=constant, categorical_iterative_imputer=lightgbm, ordinal_features=None, high_cardinality_features=None, high_cardinality_method=frequency, numeric_features=['averageMonthlyHours', 'yearsAtCompany'], numeric_imputation=mean, numeric_iterative_imputer=lightgbm, date_features=None, ignore_features=None, normalize=True, normalize_method=minmax, transformation=False, transformation_method=yeo-johnson, handle_unknown_categorical=True, unknown_categorical_method=least_frequent, pca=False, pca_method=linear, pca_components=None, ignore_low_variance=False, combine_rare_levels=False, rare_level_threshold=0.1, bin_numeric_features=None, remove_outliers=False, outliers_threshold=0.05, remove_multicollinearity=False, multicollinearity_threshold=0.9, remove_perfect_collinearity=True, create_clusters=False, cluster_iter=20, polynomial_features=False, polynomial_degree=2, trigonometry_features=False, polynomial_threshold=0.1, group_features=None, group_names=None, feature_selection=False, feature_selection_threshold=0.8, feature_selection_method=classic, feature_interaction=False, feature_ratio=False, interaction_threshold=0.01, fix_imbalance=True, fix_imbalance_method=None, transform_target=False, transform_target_method=box-cox, data_split_shuffle=True, data_split_stratify=True, fold_strategy=stratifiedkfold, fold=10, fold_shuffle=False, fold_groups=None, n_jobs=-1, use_gpu=False, custom_pipeline=None, html=True, session_id=None, log_experiment=False, experiment_name=None, log_plots=False, log_profile=False, log_data=False, silent=False, verbose=True, profile=False, profile_kwargs=None, display=None)
2021-10-22 11:13:03,956:INFO:Checking environment
2021-10-22 11:13:03,956:INFO:python_version: 3.8.8
2021-10-22 11:13:03,957:INFO:python_build: ('default', 'Apr 13 2021 15:08:03')
2021-10-22 11:13:03,957:INFO:machine: AMD64
2021-10-22 11:13:03,958:INFO:platform: Windows-10-10.0.19041-SP0
2021-10-22 11:13:03,958:INFO:Memory: svmem(total=8496861184, available=982421504, percent=88.4, used=7514439680, free=982421504)
2021-10-22 11:13:03,958:INFO:Physical Core: 2
2021-10-22 11:13:03,959:INFO:Logical Core: 4
2021-10-22 11:13:03,959:INFO:Checking libraries
2021-10-22 11:13:03,959:INFO:pd==1.2.4
2021-10-22 11:13:03,959:INFO:numpy==1.19.5
2021-10-22 11:13:03,959:INFO:sklearn==0.23.2
2021-10-22 11:13:03,960:INFO:lightgbm==3.3.0
2021-10-22 11:13:03,962:WARNING:catboost not found
2021-10-22 11:13:03,964:WARNING:xgboost not found
2021-10-22 11:13:03,964:INFO:mlflow==1.20.2
2021-10-22 11:13:03,964:INFO:Checking Exceptions
2021-10-22 11:13:03,965:INFO:Declaring global variables
2021-10-22 11:13:03,965:INFO:USI: 34a1
2021-10-22 11:13:03,965:INFO:pycaret_globals: {'logging_param', 'html_param', 'display_container', 'X_test', 'USI', '_all_models_internal', 'X', 'imputation_regressor', '_ml_usecase', 'log_plots_param', 'seed', 'y_test', 'iterative_imputation_iters_param', 'create_model_container', 'fix_imbalance_param', 'imputation_classifier', '_available_plots', 'transform_target_param', 'fold_groups_param', 'transform_target_method_param', 'exp_name_log', 'X_train', '_all_models', 'y', 'fold_groups_param_full', 'n_jobs_param', 'prep_pipe', 'gpu_param', '_gpu_n_jobs_param', 'target_param', '_internal_pipeline', 'fold_generator', 'experiment__', 'stratify_param', 'fold_shuffle_param', 'y_train', 'pycaret_globals', '_all_metrics', 'fix_imbalance_method_param', 'master_model_container', 'fold_param', 'data_before_preprocess'}
2021-10-22 11:13:03,966:INFO:Preparing display monitor
2021-10-22 11:13:03,966:INFO:Preparing display monitor
2021-10-22 11:13:03,997:INFO:Importing libraries
2021-10-22 11:13:03,998:INFO:Copying data for preprocessing
2021-10-22 11:13:04,019:INFO:Declaring preprocessing parameters
2021-10-22 11:13:04,023:INFO:Creating preprocessing pipeline
2021-10-22 11:13:04,043:INFO:Preprocessing pipeline created successfully
2021-10-22 11:13:04,043:ERROR:(Process Exit): setup has been interupted with user command 'quit'. setup must rerun.
2021-10-22 11:13:04,043:INFO:Creating global containers
2021-10-22 11:13:04,046:INFO:Internal pipeline: Pipeline(memory=None,
         steps=[('fix_imbalance',
                 SMOTE(k_neighbors=5, n_jobs=None, random_state=6349,
                       sampling_strategy='auto'))],
         verbose=False)
2021-10-22 11:13:17,147:WARNING:Couldn't import xgboost.XGBClassifier
2021-10-22 11:13:17,149:WARNING:Couldn't import catboost.CatBoostClassifier
2021-10-22 11:13:17,394:WARNING:Couldn't import xgboost.XGBClassifier
2021-10-22 11:13:17,396:WARNING:Couldn't import catboost.CatBoostClassifier
2021-10-22 11:13:17,397:INFO:Creating grid variables
2021-10-22 11:13:17,464:INFO:create_model_container: 0
2021-10-22 11:13:17,465:INFO:master_model_container: 0
2021-10-22 11:13:17,465:INFO:display_container: 1
2021-10-22 11:13:17,486:INFO:Pipeline(memory=None,
         steps=[('dtypes',
                 DataTypes_Auto_infer(categorical_features=[],
                                      display_types=True, features_todrop=[],
                                      id_columns=[],
                                      ml_usecase='classification',
                                      numerical_features=['averageMonthlyHours',
                                                          'yearsAtCompany'],
                                      target='turnover', time_features=[])),
                ('imputer',
                 Simple_Imputer(categorical_strategy='not_available',
                                fill_value_categorical=None...
                ('P_transform', 'passthrough'), ('binn', 'passthrough'),
                ('rem_outliers', 'passthrough'), ('cluster_all', 'passthrough'),
                ('dummy', Dummify(target='turnover')),
                ('fix_perfect', Remove_100(target='turnover')),
                ('clean_names', Clean_Colum_Names()),
                ('feature_select', 'passthrough'), ('fix_multi', 'passthrough'),
                ('dfs', 'passthrough'), ('pca', 'passthrough')],
         verbose=False)
2021-10-22 11:13:17,487:INFO:setup() succesfully completed......................................
2021-10-22 11:13:25,795:INFO:Initializing compare_models()
2021-10-22 11:13:25,796:INFO:compare_models(include=None, fold=5, round=4, cross_validation=True, sort=AUC, n_select=1, budget_time=None, turbo=True, errors=ignore, fit_kwargs=None, groups=None, verbose=True, display=None, exclude=None)
2021-10-22 11:13:25,796:INFO:Checking exceptions
2021-10-22 11:13:25,799:INFO:Preparing display monitor
2021-10-22 11:13:25,799:INFO:Preparing display monitor
2021-10-22 11:13:25,905:INFO:Initializing Logistic Regression
2021-10-22 11:13:25,907:INFO:Total runtime is 3.355344136555989e-05 minutes
2021-10-22 11:13:25,943:INFO:SubProcess create_model() called ==================================
2021-10-22 11:13:25,944:INFO:Initializing create_model()
2021-10-22 11:13:25,944:INFO:create_model(estimator=lr, fold=StratifiedKFold(n_splits=5, random_state=None, shuffle=False), round=4, cross_validation=True, predict=True, fit_kwargs={}, groups=None, refit=False, verbose=False, system=False, metrics=None, add_to_model_list=True, display=<pycaret.internal.Display.Display object at 0x000001F1E3F4F250>, kwargs={})
2021-10-22 11:13:25,945:INFO:Checking exceptions
2021-10-22 11:13:25,945:INFO:Importing libraries
2021-10-22 11:13:25,946:INFO:Copying training dataset
2021-10-22 11:13:25,948:INFO:Defining folds
2021-10-22 11:13:25,949:INFO:Declaring metric variables
2021-10-22 11:13:25,981:INFO:Importing untrained model
2021-10-22 11:13:26,018:INFO:Logistic Regression Imported succesfully
2021-10-22 11:13:26,093:INFO:Starting cross validation
2021-10-22 11:13:26,095:INFO:Cross validating with StratifiedKFold(n_splits=5, random_state=None, shuffle=False), n_jobs=-1
2021-10-22 11:13:42,003:INFO:Calculating mean and std
2021-10-22 11:13:42,010:INFO:Creating metrics dataframe
2021-10-22 11:13:42,031:INFO:Uploading results into container
2021-10-22 11:13:42,031:INFO:Uploading model into container now
2021-10-22 11:13:42,032:INFO:create_model_container: 1
2021-10-22 11:13:42,032:INFO:master_model_container: 1
2021-10-22 11:13:42,032:INFO:display_container: 2
2021-10-22 11:13:42,034:INFO:LogisticRegression(C=1.0, class_weight=None, dual=False, fit_intercept=True,
                   intercept_scaling=1, l1_ratio=None, max_iter=1000,
                   multi_class='auto', n_jobs=None, penalty='l2',
                   random_state=6349, solver='lbfgs', tol=0.0001, verbose=0,
                   warm_start=False)
2021-10-22 11:13:42,034:INFO:create_model() succesfully completed......................................
2021-10-22 11:13:42,235:INFO:SubProcess create_model() end ==================================
2021-10-22 11:13:42,235:INFO:Creating metrics dataframe
2021-10-22 11:13:42,290:INFO:Initializing K Neighbors Classifier
2021-10-22 11:13:42,291:INFO:Total runtime is 0.2730866114298503 minutes
2021-10-22 11:13:42,318:INFO:SubProcess create_model() called ==================================
2021-10-22 11:13:42,319:INFO:Initializing create_model()
2021-10-22 11:13:42,319:INFO:create_model(estimator=knn, fold=StratifiedKFold(n_splits=5, random_state=None, shuffle=False), round=4, cross_validation=True, predict=True, fit_kwargs={}, groups=None, refit=False, verbose=False, system=False, metrics=None, add_to_model_list=True, display=<pycaret.internal.Display.Display object at 0x000001F1E3F4F250>, kwargs={})
2021-10-22 11:13:42,319:INFO:Checking exceptions
2021-10-22 11:13:42,320:INFO:Importing libraries
2021-10-22 11:13:42,320:INFO:Copying training dataset
2021-10-22 11:13:42,321:INFO:Defining folds
2021-10-22 11:13:42,322:INFO:Declaring metric variables
2021-10-22 11:13:42,343:INFO:Importing untrained model
2021-10-22 11:13:42,362:INFO:K Neighbors Classifier Imported succesfully
2021-10-22 11:13:42,401:INFO:Starting cross validation
2021-10-22 11:13:42,403:INFO:Cross validating with StratifiedKFold(n_splits=5, random_state=None, shuffle=False), n_jobs=-1
2021-10-22 11:13:43,424:INFO:Calculating mean and std
2021-10-22 11:13:43,426:INFO:Creating metrics dataframe
2021-10-22 11:13:43,435:INFO:Uploading results into container
2021-10-22 11:13:43,436:INFO:Uploading model into container now
2021-10-22 11:13:43,436:INFO:create_model_container: 2
2021-10-22 11:13:43,436:INFO:master_model_container: 2
2021-10-22 11:13:43,437:INFO:display_container: 2
2021-10-22 11:13:43,437:INFO:KNeighborsClassifier(algorithm='auto', leaf_size=30, metric='minkowski',
                     metric_params=None, n_jobs=-1, n_neighbors=5, p=2,
                     weights='uniform')
2021-10-22 11:13:43,438:INFO:create_model() succesfully completed......................................
2021-10-22 11:13:43,561:INFO:SubProcess create_model() end ==================================
2021-10-22 11:13:43,562:INFO:Creating metrics dataframe
2021-10-22 11:13:43,602:INFO:Initializing Naive Bayes
2021-10-22 11:13:43,603:INFO:Total runtime is 0.2949653228123983 minutes
2021-10-22 11:13:43,631:INFO:SubProcess create_model() called ==================================
2021-10-22 11:13:43,632:INFO:Initializing create_model()
2021-10-22 11:13:43,632:INFO:create_model(estimator=nb, fold=StratifiedKFold(n_splits=5, random_state=None, shuffle=False), round=4, cross_validation=True, predict=True, fit_kwargs={}, groups=None, refit=False, verbose=False, system=False, metrics=None, add_to_model_list=True, display=<pycaret.internal.Display.Display object at 0x000001F1E3F4F250>, kwargs={})
2021-10-22 11:13:43,633:INFO:Checking exceptions
2021-10-22 11:13:43,633:INFO:Importing libraries
2021-10-22 11:13:43,634:INFO:Copying training dataset
2021-10-22 11:13:43,640:INFO:Defining folds
2021-10-22 11:13:43,641:INFO:Declaring metric variables
2021-10-22 11:13:43,674:INFO:Importing untrained model
2021-10-22 11:13:43,714:INFO:Naive Bayes Imported succesfully
2021-10-22 11:13:43,781:INFO:Starting cross validation
2021-10-22 11:13:43,783:INFO:Cross validating with StratifiedKFold(n_splits=5, random_state=None, shuffle=False), n_jobs=-1
2021-10-22 11:13:44,082:INFO:Calculating mean and std
2021-10-22 11:13:44,084:INFO:Creating metrics dataframe
2021-10-22 11:13:44,103:INFO:Uploading results into container
2021-10-22 11:13:44,103:INFO:Uploading model into container now
2021-10-22 11:13:44,104:INFO:create_model_container: 3
2021-10-22 11:13:44,110:INFO:master_model_container: 3
2021-10-22 11:13:44,110:INFO:display_container: 2
2021-10-22 11:13:44,111:INFO:GaussianNB(priors=None, var_smoothing=1e-09)
2021-10-22 11:13:44,111:INFO:create_model() succesfully completed......................................
2021-10-22 11:13:44,266:INFO:SubProcess create_model() end ==================================
2021-10-22 11:13:44,267:INFO:Creating metrics dataframe
2021-10-22 11:13:44,334:INFO:Initializing Decision Tree Classifier
2021-10-22 11:13:44,335:INFO:Total runtime is 0.30716246366500854 minutes
2021-10-22 11:13:44,369:INFO:SubProcess create_model() called ==================================
2021-10-22 11:13:44,372:INFO:Initializing create_model()
2021-10-22 11:13:44,374:INFO:create_model(estimator=dt, fold=StratifiedKFold(n_splits=5, random_state=None, shuffle=False), round=4, cross_validation=True, predict=True, fit_kwargs={}, groups=None, refit=False, verbose=False, system=False, metrics=None, add_to_model_list=True, display=<pycaret.internal.Display.Display object at 0x000001F1E3F4F250>, kwargs={})
2021-10-22 11:13:44,375:INFO:Checking exceptions
2021-10-22 11:13:44,375:INFO:Importing libraries
2021-10-22 11:13:44,375:INFO:Copying training dataset
2021-10-22 11:13:44,380:INFO:Defining folds
2021-10-22 11:13:44,382:INFO:Declaring metric variables
2021-10-22 11:13:44,425:INFO:Importing untrained model
2021-10-22 11:13:44,464:INFO:Decision Tree Classifier Imported succesfully
2021-10-22 11:13:44,546:INFO:Starting cross validation
2021-10-22 11:13:44,548:INFO:Cross validating with StratifiedKFold(n_splits=5, random_state=None, shuffle=False), n_jobs=-1
2021-10-22 11:13:45,013:INFO:Calculating mean and std
2021-10-22 11:13:45,014:INFO:Creating metrics dataframe
2021-10-22 11:13:45,027:INFO:Uploading results into container
2021-10-22 11:13:45,027:INFO:Uploading model into container now
2021-10-22 11:13:45,028:INFO:create_model_container: 4
2021-10-22 11:13:45,028:INFO:master_model_container: 4
2021-10-22 11:13:45,029:INFO:display_container: 2
2021-10-22 11:13:45,030:INFO:DecisionTreeClassifier(ccp_alpha=0.0, class_weight=None, criterion='gini',
                       max_depth=None, max_features=None, max_leaf_nodes=None,
                       min_impurity_decrease=0.0, min_impurity_split=None,
                       min_samples_leaf=1, min_samples_split=2,
                       min_weight_fraction_leaf=0.0, presort='deprecated',
                       random_state=6349, splitter='best')
2021-10-22 11:13:45,031:INFO:create_model() succesfully completed......................................
2021-10-22 11:13:45,174:INFO:SubProcess create_model() end ==================================
2021-10-22 11:13:45,174:INFO:Creating metrics dataframe
2021-10-22 11:13:45,237:INFO:Initializing SVM - Linear Kernel
2021-10-22 11:13:45,238:INFO:Total runtime is 0.3222090363502502 minutes
2021-10-22 11:13:45,271:INFO:SubProcess create_model() called ==================================
2021-10-22 11:13:45,273:INFO:Initializing create_model()
2021-10-22 11:13:45,274:INFO:create_model(estimator=svm, fold=StratifiedKFold(n_splits=5, random_state=None, shuffle=False), round=4, cross_validation=True, predict=True, fit_kwargs={}, groups=None, refit=False, verbose=False, system=False, metrics=None, add_to_model_list=True, display=<pycaret.internal.Display.Display object at 0x000001F1E3F4F250>, kwargs={})
2021-10-22 11:13:45,274:INFO:Checking exceptions
2021-10-22 11:13:45,274:INFO:Importing libraries
2021-10-22 11:13:45,275:INFO:Copying training dataset
2021-10-22 11:13:45,277:INFO:Defining folds
2021-10-22 11:13:45,280:INFO:Declaring metric variables
2021-10-22 11:13:45,320:INFO:Importing untrained model
2021-10-22 11:13:45,357:INFO:SVM - Linear Kernel Imported succesfully
2021-10-22 11:13:45,432:INFO:Starting cross validation
2021-10-22 11:13:45,436:INFO:Cross validating with StratifiedKFold(n_splits=5, random_state=None, shuffle=False), n_jobs=-1
2021-10-22 11:13:46,042:INFO:Calculating mean and std
2021-10-22 11:13:46,044:INFO:Creating metrics dataframe
2021-10-22 11:13:46,055:INFO:Uploading results into container
2021-10-22 11:13:46,056:INFO:Uploading model into container now
2021-10-22 11:13:46,057:INFO:create_model_container: 5
2021-10-22 11:13:46,057:INFO:master_model_container: 5
2021-10-22 11:13:46,057:INFO:display_container: 2
2021-10-22 11:13:46,059:INFO:SGDClassifier(alpha=0.0001, average=False, class_weight=None,
              early_stopping=False, epsilon=0.1, eta0=0.001, fit_intercept=True,
              l1_ratio=0.15, learning_rate='optimal', loss='hinge',
              max_iter=1000, n_iter_no_change=5, n_jobs=-1, penalty='l2',
              power_t=0.5, random_state=6349, shuffle=True, tol=0.001,
              validation_fraction=0.1, verbose=0, warm_start=False)
2021-10-22 11:13:46,060:INFO:create_model() succesfully completed......................................
2021-10-22 11:13:46,199:INFO:SubProcess create_model() end ==================================
2021-10-22 11:13:46,199:INFO:Creating metrics dataframe
2021-10-22 11:13:46,265:INFO:Initializing Ridge Classifier
2021-10-22 11:13:46,265:INFO:Total runtime is 0.3393258690834045 minutes
2021-10-22 11:13:46,297:INFO:SubProcess create_model() called ==================================
2021-10-22 11:13:46,299:INFO:Initializing create_model()
2021-10-22 11:13:46,299:INFO:create_model(estimator=ridge, fold=StratifiedKFold(n_splits=5, random_state=None, shuffle=False), round=4, cross_validation=True, predict=True, fit_kwargs={}, groups=None, refit=False, verbose=False, system=False, metrics=None, add_to_model_list=True, display=<pycaret.internal.Display.Display object at 0x000001F1E3F4F250>, kwargs={})
2021-10-22 11:13:46,300:INFO:Checking exceptions
2021-10-22 11:13:46,300:INFO:Importing libraries
2021-10-22 11:13:46,300:INFO:Copying training dataset
2021-10-22 11:13:46,303:INFO:Defining folds
2021-10-22 11:13:46,303:INFO:Declaring metric variables
2021-10-22 11:13:46,345:INFO:Importing untrained model
2021-10-22 11:13:46,379:INFO:Ridge Classifier Imported succesfully
2021-10-22 11:13:46,445:INFO:Starting cross validation
2021-10-22 11:13:46,447:INFO:Cross validating with StratifiedKFold(n_splits=5, random_state=None, shuffle=False), n_jobs=-1
2021-10-22 11:13:46,734:INFO:Calculating mean and std
2021-10-22 11:13:46,737:INFO:Creating metrics dataframe
2021-10-22 11:13:46,751:INFO:Uploading results into container
2021-10-22 11:13:46,751:INFO:Uploading model into container now
2021-10-22 11:13:46,752:INFO:create_model_container: 6
2021-10-22 11:13:46,752:INFO:master_model_container: 6
2021-10-22 11:13:46,752:INFO:display_container: 2
2021-10-22 11:13:46,753:INFO:RidgeClassifier(alpha=1.0, class_weight=None, copy_X=True, fit_intercept=True,
                max_iter=None, normalize=False, random_state=6349,
                solver='auto', tol=0.001)
2021-10-22 11:13:46,753:INFO:create_model() succesfully completed......................................
2021-10-22 11:13:46,903:INFO:SubProcess create_model() end ==================================
2021-10-22 11:13:46,903:INFO:Creating metrics dataframe
2021-10-22 11:13:46,970:INFO:Initializing Random Forest Classifier
2021-10-22 11:13:46,971:INFO:Total runtime is 0.3510907173156738 minutes
2021-10-22 11:13:47,006:INFO:SubProcess create_model() called ==================================
2021-10-22 11:13:47,008:INFO:Initializing create_model()
2021-10-22 11:13:47,008:INFO:create_model(estimator=rf, fold=StratifiedKFold(n_splits=5, random_state=None, shuffle=False), round=4, cross_validation=True, predict=True, fit_kwargs={}, groups=None, refit=False, verbose=False, system=False, metrics=None, add_to_model_list=True, display=<pycaret.internal.Display.Display object at 0x000001F1E3F4F250>, kwargs={})
2021-10-22 11:13:47,008:INFO:Checking exceptions
2021-10-22 11:13:47,009:INFO:Importing libraries
2021-10-22 11:13:47,009:INFO:Copying training dataset
2021-10-22 11:13:47,013:INFO:Defining folds
2021-10-22 11:13:47,013:INFO:Declaring metric variables
2021-10-22 11:13:47,053:INFO:Importing untrained model
2021-10-22 11:13:47,102:INFO:Random Forest Classifier Imported succesfully
2021-10-22 11:13:47,181:INFO:Starting cross validation
2021-10-22 11:13:47,183:INFO:Cross validating with StratifiedKFold(n_splits=5, random_state=None, shuffle=False), n_jobs=-1
2021-10-22 11:13:56,150:INFO:Calculating mean and std
2021-10-22 11:13:56,153:INFO:Creating metrics dataframe
2021-10-22 11:13:56,164:INFO:Uploading results into container
2021-10-22 11:13:56,164:INFO:Uploading model into container now
2021-10-22 11:13:56,165:INFO:create_model_container: 7
2021-10-22 11:13:56,165:INFO:master_model_container: 7
2021-10-22 11:13:56,165:INFO:display_container: 2
2021-10-22 11:13:56,166:INFO:RandomForestClassifier(bootstrap=True, ccp_alpha=0.0, class_weight=None,
                       criterion='gini', max_depth=None, max_features='auto',
                       max_leaf_nodes=None, max_samples=None,
                       min_impurity_decrease=0.0, min_impurity_split=None,
                       min_samples_leaf=1, min_samples_split=2,
                       min_weight_fraction_leaf=0.0, n_estimators=100,
                       n_jobs=-1, oob_score=False, random_state=6349, verbose=0,
                       warm_start=False)
2021-10-22 11:13:56,167:INFO:create_model() succesfully completed......................................
2021-10-22 11:13:56,365:INFO:SubProcess create_model() end ==================================
2021-10-22 11:13:56,365:INFO:Creating metrics dataframe
2021-10-22 11:13:56,442:INFO:Initializing Quadratic Discriminant Analysis
2021-10-22 11:13:56,442:INFO:Total runtime is 0.5089362541834513 minutes
2021-10-22 11:13:56,479:INFO:SubProcess create_model() called ==================================
2021-10-22 11:13:56,483:INFO:Initializing create_model()
2021-10-22 11:13:56,483:INFO:create_model(estimator=qda, fold=StratifiedKFold(n_splits=5, random_state=None, shuffle=False), round=4, cross_validation=True, predict=True, fit_kwargs={}, groups=None, refit=False, verbose=False, system=False, metrics=None, add_to_model_list=True, display=<pycaret.internal.Display.Display object at 0x000001F1E3F4F250>, kwargs={})
2021-10-22 11:13:56,483:INFO:Checking exceptions
2021-10-22 11:13:56,483:INFO:Importing libraries
2021-10-22 11:13:56,484:INFO:Copying training dataset
2021-10-22 11:13:56,486:INFO:Defining folds
2021-10-22 11:13:56,487:INFO:Declaring metric variables
2021-10-22 11:13:56,530:INFO:Importing untrained model
2021-10-22 11:13:56,578:INFO:Quadratic Discriminant Analysis Imported succesfully
2021-10-22 11:13:56,651:INFO:Starting cross validation
2021-10-22 11:13:56,654:INFO:Cross validating with StratifiedKFold(n_splits=5, random_state=None, shuffle=False), n_jobs=-1
2021-10-22 11:13:56,998:INFO:Calculating mean and std
2021-10-22 11:13:57,001:INFO:Creating metrics dataframe
2021-10-22 11:13:57,014:INFO:Uploading results into container
2021-10-22 11:13:57,015:INFO:Uploading model into container now
2021-10-22 11:13:57,015:INFO:create_model_container: 8
2021-10-22 11:13:57,016:INFO:master_model_container: 8
2021-10-22 11:13:57,016:INFO:display_container: 2
2021-10-22 11:13:57,017:INFO:QuadraticDiscriminantAnalysis(priors=None, reg_param=0.0,
                              store_covariance=False, tol=0.0001)
2021-10-22 11:13:57,017:INFO:create_model() succesfully completed......................................
2021-10-22 11:13:57,170:INFO:SubProcess create_model() end ==================================
2021-10-22 11:13:57,170:INFO:Creating metrics dataframe
2021-10-22 11:13:57,243:INFO:Initializing Ada Boost Classifier
2021-10-22 11:13:57,243:INFO:Total runtime is 0.5222859223683676 minutes
2021-10-22 11:13:57,269:INFO:SubProcess create_model() called ==================================
2021-10-22 11:13:57,270:INFO:Initializing create_model()
2021-10-22 11:13:57,270:INFO:create_model(estimator=ada, fold=StratifiedKFold(n_splits=5, random_state=None, shuffle=False), round=4, cross_validation=True, predict=True, fit_kwargs={}, groups=None, refit=False, verbose=False, system=False, metrics=None, add_to_model_list=True, display=<pycaret.internal.Display.Display object at 0x000001F1E3F4F250>, kwargs={})
2021-10-22 11:13:57,271:INFO:Checking exceptions
2021-10-22 11:13:57,272:INFO:Importing libraries
2021-10-22 11:13:57,272:INFO:Copying training dataset
2021-10-22 11:13:57,275:INFO:Defining folds
2021-10-22 11:13:57,277:INFO:Declaring metric variables
2021-10-22 11:13:57,311:INFO:Importing untrained model
2021-10-22 11:13:57,345:INFO:Ada Boost Classifier Imported succesfully
2021-10-22 11:13:57,416:INFO:Starting cross validation
2021-10-22 11:13:57,419:INFO:Cross validating with StratifiedKFold(n_splits=5, random_state=None, shuffle=False), n_jobs=-1
2021-10-22 11:13:59,598:INFO:Calculating mean and std
2021-10-22 11:13:59,600:INFO:Creating metrics dataframe
2021-10-22 11:13:59,610:INFO:Uploading results into container
2021-10-22 11:13:59,610:INFO:Uploading model into container now
2021-10-22 11:13:59,611:INFO:create_model_container: 9
2021-10-22 11:13:59,611:INFO:master_model_container: 9
2021-10-22 11:13:59,612:INFO:display_container: 2
2021-10-22 11:13:59,612:INFO:AdaBoostClassifier(algorithm='SAMME.R', base_estimator=None, learning_rate=1.0,
                   n_estimators=50, random_state=6349)
2021-10-22 11:13:59,613:INFO:create_model() succesfully completed......................................
2021-10-22 11:13:59,748:INFO:SubProcess create_model() end ==================================
2021-10-22 11:13:59,748:INFO:Creating metrics dataframe
2021-10-22 11:13:59,847:INFO:Initializing Gradient Boosting Classifier
2021-10-22 11:13:59,847:INFO:Total runtime is 0.5657000501950582 minutes
2021-10-22 11:13:59,885:INFO:SubProcess create_model() called ==================================
2021-10-22 11:13:59,886:INFO:Initializing create_model()
2021-10-22 11:13:59,889:INFO:create_model(estimator=gbc, fold=StratifiedKFold(n_splits=5, random_state=None, shuffle=False), round=4, cross_validation=True, predict=True, fit_kwargs={}, groups=None, refit=False, verbose=False, system=False, metrics=None, add_to_model_list=True, display=<pycaret.internal.Display.Display object at 0x000001F1E3F4F250>, kwargs={})
2021-10-22 11:13:59,889:INFO:Checking exceptions
2021-10-22 11:13:59,890:INFO:Importing libraries
2021-10-22 11:13:59,890:INFO:Copying training dataset
2021-10-22 11:13:59,892:INFO:Defining folds
2021-10-22 11:13:59,901:INFO:Declaring metric variables
2021-10-22 11:13:59,949:INFO:Importing untrained model
2021-10-22 11:13:59,998:INFO:Gradient Boosting Classifier Imported succesfully
2021-10-22 11:14:00,084:INFO:Starting cross validation
2021-10-22 11:14:00,086:INFO:Cross validating with StratifiedKFold(n_splits=5, random_state=None, shuffle=False), n_jobs=-1
2021-10-22 11:14:05,939:INFO:Calculating mean and std
2021-10-22 11:14:05,941:INFO:Creating metrics dataframe
2021-10-22 11:14:05,949:INFO:Uploading results into container
2021-10-22 11:14:05,949:INFO:Uploading model into container now
2021-10-22 11:14:05,949:INFO:create_model_container: 10
2021-10-22 11:14:05,950:INFO:master_model_container: 10
2021-10-22 11:14:05,950:INFO:display_container: 2
2021-10-22 11:14:05,951:INFO:GradientBoostingClassifier(ccp_alpha=0.0, criterion='friedman_mse', init=None,
                           learning_rate=0.1, loss='deviance', max_depth=3,
                           max_features=None, max_leaf_nodes=None,
                           min_impurity_decrease=0.0, min_impurity_split=None,
                           min_samples_leaf=1, min_samples_split=2,
                           min_weight_fraction_leaf=0.0, n_estimators=100,
                           n_iter_no_change=None, presort='deprecated',
                           random_state=6349, subsample=1.0, tol=0.0001,
                           validation_fraction=0.1, verbose=0,
                           warm_start=False)
2021-10-22 11:14:05,951:INFO:create_model() succesfully completed......................................
2021-10-22 11:14:06,084:INFO:SubProcess create_model() end ==================================
2021-10-22 11:14:06,084:INFO:Creating metrics dataframe
2021-10-22 11:14:06,139:INFO:Initializing Linear Discriminant Analysis
2021-10-22 11:14:06,139:INFO:Total runtime is 0.6705634435017904 minutes
2021-10-22 11:14:06,161:INFO:SubProcess create_model() called ==================================
2021-10-22 11:14:06,162:INFO:Initializing create_model()
2021-10-22 11:14:06,162:INFO:create_model(estimator=lda, fold=StratifiedKFold(n_splits=5, random_state=None, shuffle=False), round=4, cross_validation=True, predict=True, fit_kwargs={}, groups=None, refit=False, verbose=False, system=False, metrics=None, add_to_model_list=True, display=<pycaret.internal.Display.Display object at 0x000001F1E3F4F250>, kwargs={})
2021-10-22 11:14:06,163:INFO:Checking exceptions
2021-10-22 11:14:06,163:INFO:Importing libraries
2021-10-22 11:14:06,164:INFO:Copying training dataset
2021-10-22 11:14:06,166:INFO:Defining folds
2021-10-22 11:14:06,167:INFO:Declaring metric variables
2021-10-22 11:14:06,197:INFO:Importing untrained model
2021-10-22 11:14:06,234:INFO:Linear Discriminant Analysis Imported succesfully
2021-10-22 11:14:06,295:INFO:Starting cross validation
2021-10-22 11:14:06,297:INFO:Cross validating with StratifiedKFold(n_splits=5, random_state=None, shuffle=False), n_jobs=-1
2021-10-22 11:14:06,590:INFO:Calculating mean and std
2021-10-22 11:14:06,591:INFO:Creating metrics dataframe
2021-10-22 11:14:06,605:INFO:Uploading results into container
2021-10-22 11:14:06,605:INFO:Uploading model into container now
2021-10-22 11:14:06,606:INFO:create_model_container: 11
2021-10-22 11:14:06,606:INFO:master_model_container: 11
2021-10-22 11:14:06,606:INFO:display_container: 2
2021-10-22 11:14:06,607:INFO:LinearDiscriminantAnalysis(n_components=None, priors=None, shrinkage=None,
                           solver='svd', store_covariance=False, tol=0.0001)
2021-10-22 11:14:06,607:INFO:create_model() succesfully completed......................................
2021-10-22 11:14:06,732:INFO:SubProcess create_model() end ==================================
2021-10-22 11:14:06,732:INFO:Creating metrics dataframe
2021-10-22 11:14:06,806:INFO:Initializing Extra Trees Classifier
2021-10-22 11:14:06,806:INFO:Total runtime is 0.6816815336545309 minutes
2021-10-22 11:14:06,836:INFO:SubProcess create_model() called ==================================
2021-10-22 11:14:06,838:INFO:Initializing create_model()
2021-10-22 11:14:06,839:INFO:create_model(estimator=et, fold=StratifiedKFold(n_splits=5, random_state=None, shuffle=False), round=4, cross_validation=True, predict=True, fit_kwargs={}, groups=None, refit=False, verbose=False, system=False, metrics=None, add_to_model_list=True, display=<pycaret.internal.Display.Display object at 0x000001F1E3F4F250>, kwargs={})
2021-10-22 11:14:06,839:INFO:Checking exceptions
2021-10-22 11:14:06,839:INFO:Importing libraries
2021-10-22 11:14:06,840:INFO:Copying training dataset
2021-10-22 11:14:06,842:INFO:Defining folds
2021-10-22 11:14:06,842:INFO:Declaring metric variables
2021-10-22 11:14:06,880:INFO:Importing untrained model
2021-10-22 11:14:06,913:INFO:Extra Trees Classifier Imported succesfully
2021-10-22 11:14:06,973:INFO:Starting cross validation
2021-10-22 11:14:06,975:INFO:Cross validating with StratifiedKFold(n_splits=5, random_state=None, shuffle=False), n_jobs=-1
2021-10-22 11:14:13,968:INFO:Calculating mean and std
2021-10-22 11:14:13,972:INFO:Creating metrics dataframe
2021-10-22 11:14:13,989:INFO:Uploading results into container
2021-10-22 11:14:13,989:INFO:Uploading model into container now
2021-10-22 11:14:13,990:INFO:create_model_container: 12
2021-10-22 11:14:13,990:INFO:master_model_container: 12
2021-10-22 11:14:13,990:INFO:display_container: 2
2021-10-22 11:14:13,992:INFO:ExtraTreesClassifier(bootstrap=False, ccp_alpha=0.0, class_weight=None,
                     criterion='gini', max_depth=None, max_features='auto',
                     max_leaf_nodes=None, max_samples=None,
                     min_impurity_decrease=0.0, min_impurity_split=None,
                     min_samples_leaf=1, min_samples_split=2,
                     min_weight_fraction_leaf=0.0, n_estimators=100, n_jobs=-1,
                     oob_score=False, random_state=6349, verbose=0,
                     warm_start=False)
2021-10-22 11:14:13,992:INFO:create_model() succesfully completed......................................
2021-10-22 11:14:14,195:INFO:SubProcess create_model() end ==================================
2021-10-22 11:14:14,195:INFO:Creating metrics dataframe
2021-10-22 11:14:14,265:INFO:Initializing Light Gradient Boosting Machine
2021-10-22 11:14:14,265:INFO:Total runtime is 0.8059967279434205 minutes
2021-10-22 11:14:14,299:INFO:SubProcess create_model() called ==================================
2021-10-22 11:14:14,300:INFO:Initializing create_model()
2021-10-22 11:14:14,300:INFO:create_model(estimator=lightgbm, fold=StratifiedKFold(n_splits=5, random_state=None, shuffle=False), round=4, cross_validation=True, predict=True, fit_kwargs={}, groups=None, refit=False, verbose=False, system=False, metrics=None, add_to_model_list=True, display=<pycaret.internal.Display.Display object at 0x000001F1E3F4F250>, kwargs={})
2021-10-22 11:14:14,307:INFO:Checking exceptions
2021-10-22 11:14:14,307:INFO:Importing libraries
2021-10-22 11:14:14,307:INFO:Copying training dataset
2021-10-22 11:14:14,309:INFO:Defining folds
2021-10-22 11:14:14,310:INFO:Declaring metric variables
2021-10-22 11:14:14,362:INFO:Importing untrained model
2021-10-22 11:14:14,401:INFO:Light Gradient Boosting Machine Imported succesfully
2021-10-22 11:14:14,488:INFO:Starting cross validation
2021-10-22 11:14:14,491:INFO:Cross validating with StratifiedKFold(n_splits=5, random_state=None, shuffle=False), n_jobs=-1
2021-10-22 11:14:20,018:INFO:Calculating mean and std
2021-10-22 11:14:20,022:INFO:Creating metrics dataframe
2021-10-22 11:14:20,045:INFO:Uploading results into container
2021-10-22 11:14:20,047:INFO:Uploading model into container now
2021-10-22 11:14:20,047:INFO:create_model_container: 13
2021-10-22 11:14:20,047:INFO:master_model_container: 13
2021-10-22 11:14:20,047:INFO:display_container: 2
2021-10-22 11:14:20,051:INFO:LGBMClassifier(boosting_type='gbdt', class_weight=None, colsample_bytree=1.0,
               importance_type='split', learning_rate=0.1, max_depth=-1,
               min_child_samples=20, min_child_weight=0.001, min_split_gain=0.0,
               n_estimators=100, n_jobs=-1, num_leaves=31, objective=None,
               random_state=6349, reg_alpha=0.0, reg_lambda=0.0, silent='warn',
               subsample=1.0, subsample_for_bin=200000, subsample_freq=0)
2021-10-22 11:14:20,052:INFO:create_model() succesfully completed......................................
2021-10-22 11:14:20,264:INFO:SubProcess create_model() end ==================================
2021-10-22 11:14:20,264:INFO:Creating metrics dataframe
2021-10-22 11:14:20,561:INFO:Initializing create_model()
2021-10-22 11:14:20,562:INFO:create_model(estimator=GradientBoostingClassifier(ccp_alpha=0.0, criterion='friedman_mse', init=None,
                           learning_rate=0.1, loss='deviance', max_depth=3,
                           max_features=None, max_leaf_nodes=None,
                           min_impurity_decrease=0.0, min_impurity_split=None,
                           min_samples_leaf=1, min_samples_split=2,
                           min_weight_fraction_leaf=0.0, n_estimators=100,
                           n_iter_no_change=None, presort='deprecated',
                           random_state=6349, subsample=1.0, tol=0.0001,
                           validation_fraction=0.1, verbose=0,
                           warm_start=False), fold=StratifiedKFold(n_splits=5, random_state=None, shuffle=False), round=4, cross_validation=False, predict=False, fit_kwargs={}, groups=None, refit=True, verbose=False, system=False, metrics=None, add_to_model_list=True, display=None, kwargs={})
2021-10-22 11:14:20,562:INFO:Checking exceptions
2021-10-22 11:14:20,563:INFO:Importing libraries
2021-10-22 11:14:20,563:INFO:Copying training dataset
2021-10-22 11:14:20,564:INFO:Defining folds
2021-10-22 11:14:20,565:INFO:Declaring metric variables
2021-10-22 11:14:20,565:INFO:Importing untrained model
2021-10-22 11:14:20,565:INFO:Declaring custom model
2021-10-22 11:14:20,568:INFO:Gradient Boosting Classifier Imported succesfully
2021-10-22 11:14:20,572:INFO:Cross validation set to False
2021-10-22 11:14:20,572:INFO:Fitting Model
2021-10-22 11:14:23,497:INFO:GradientBoostingClassifier(ccp_alpha=0.0, criterion='friedman_mse', init=None,
                           learning_rate=0.1, loss='deviance', max_depth=3,
                           max_features=None, max_leaf_nodes=None,
                           min_impurity_decrease=0.0, min_impurity_split=None,
                           min_samples_leaf=1, min_samples_split=2,
                           min_weight_fraction_leaf=0.0, n_estimators=100,
                           n_iter_no_change=None, presort='deprecated',
                           random_state=6349, subsample=1.0, tol=0.0001,
                           validation_fraction=0.1, verbose=0,
                           warm_start=False)
2021-10-22 11:14:23,497:INFO:create_models() succesfully completed......................................
2021-10-22 11:14:23,751:INFO:create_model_container: 13
2021-10-22 11:14:23,751:INFO:master_model_container: 13
2021-10-22 11:14:23,753:INFO:display_container: 2
2021-10-22 11:14:23,756:INFO:GradientBoostingClassifier(ccp_alpha=0.0, criterion='friedman_mse', init=None,
                           learning_rate=0.1, loss='deviance', max_depth=3,
                           max_features=None, max_leaf_nodes=None,
                           min_impurity_decrease=0.0, min_impurity_split=None,
                           min_samples_leaf=1, min_samples_split=2,
                           min_weight_fraction_leaf=0.0, n_estimators=100,
                           n_iter_no_change=None, presort='deprecated',
                           random_state=6349, subsample=1.0, tol=0.0001,
                           validation_fraction=0.1, verbose=0,
                           warm_start=False)
2021-10-22 11:14:23,757:INFO:compare_models() succesfully completed......................................
2021-10-22 11:15:04,605:INFO:Initializing create_model()
2021-10-22 11:15:04,606:INFO:create_model(estimator=gbc, fold=5, round=4, cross_validation=True, predict=True, fit_kwargs=None, groups=None, refit=True, verbose=True, system=True, metrics=None, add_to_model_list=True, display=None, kwargs={})
2021-10-22 11:15:04,606:INFO:Checking exceptions
2021-10-22 11:15:04,606:INFO:Preparing display monitor
2021-10-22 11:15:04,670:INFO:Importing libraries
2021-10-22 11:15:04,671:INFO:Copying training dataset
2021-10-22 11:15:04,673:INFO:Defining folds
2021-10-22 11:15:04,674:INFO:Declaring metric variables
2021-10-22 11:15:04,712:INFO:Importing untrained model
2021-10-22 11:15:04,756:INFO:Gradient Boosting Classifier Imported succesfully
2021-10-22 11:15:04,856:INFO:Starting cross validation
2021-10-22 11:15:04,859:INFO:Cross validating with StratifiedKFold(n_splits=5, random_state=None, shuffle=False), n_jobs=-1
2021-10-22 11:15:11,673:INFO:Calculating mean and std
2021-10-22 11:15:11,674:INFO:Creating metrics dataframe
2021-10-22 11:15:11,719:INFO:Finalizing model
2021-10-22 11:15:14,070:INFO:Uploading results into container
2021-10-22 11:15:14,070:INFO:Uploading model into container now
2021-10-22 11:15:14,113:INFO:create_model_container: 14
2021-10-22 11:15:14,114:INFO:master_model_container: 14
2021-10-22 11:15:14,114:INFO:display_container: 3
2021-10-22 11:15:14,118:INFO:GradientBoostingClassifier(ccp_alpha=0.0, criterion='friedman_mse', init=None,
                           learning_rate=0.1, loss='deviance', max_depth=3,
                           max_features=None, max_leaf_nodes=None,
                           min_impurity_decrease=0.0, min_impurity_split=None,
                           min_samples_leaf=1, min_samples_split=2,
                           min_weight_fraction_leaf=0.0, n_estimators=100,
                           n_iter_no_change=None, presort='deprecated',
                           random_state=6349, subsample=1.0, tol=0.0001,
                           validation_fraction=0.1, verbose=0,
                           warm_start=False)
2021-10-22 11:15:14,118:INFO:create_model() succesfully completed......................................
2021-10-22 11:15:25,094:INFO:Initializing tune_model()
2021-10-22 11:15:25,095:INFO:tune_model(estimator=GradientBoostingClassifier(ccp_alpha=0.0, criterion='friedman_mse', init=None,
                           learning_rate=0.1, loss='deviance', max_depth=3,
                           max_features=None, max_leaf_nodes=None,
                           min_impurity_decrease=0.0, min_impurity_split=None,
                           min_samples_leaf=1, min_samples_split=2,
                           min_weight_fraction_leaf=0.0, n_estimators=100,
                           n_iter_no_change=None, presort='deprecated',
                           random_state=6349, subsample=1.0, tol=0.0001,
                           validation_fraction=0.1, verbose=0,
                           warm_start=False), fold=5, round=4, n_iter=10, custom_grid={'learning_rate': [0.1, 0.2, 0.5], 'n_estimators': [100, 500, 1000], 'min_samples_split': [1, 2, 5, 10], 'max_depth': [1, 3, 9]}, optimize=AUC, custom_scorer=None, search_library=scikit-learn, search_algorithm=None, early_stopping=False, early_stopping_max_iters=10, choose_better=False, fit_kwargs=None, groups=None, return_tuner=False, verbose=True, tuner_verbose=True, display=None, kwargs={})
2021-10-22 11:15:25,095:INFO:Checking exceptions
2021-10-22 11:15:25,099:INFO:Preparing display monitor
2021-10-22 11:15:25,155:INFO:Copying training dataset
2021-10-22 11:15:25,162:INFO:Checking base model
2021-10-22 11:15:25,163:INFO:Base model : Gradient Boosting Classifier
2021-10-22 11:15:25,189:INFO:Declaring metric variables
2021-10-22 11:15:25,219:INFO:Defining Hyperparameters
2021-10-22 11:15:25,402:INFO:custom_grid: {'actual_estimator__learning_rate': [0.1, 0.2, 0.5], 'actual_estimator__n_estimators': [100, 500, 1000], 'actual_estimator__min_samples_split': [1, 2, 5, 10], 'actual_estimator__max_depth': [1, 3, 9]}
2021-10-22 11:15:25,402:INFO:Tuning with n_jobs=-1
2021-10-22 11:15:25,402:INFO:Initializing RandomizedSearchCV
2021-10-22 11:17:08,997:INFO:best_params: {'actual_estimator__n_estimators': 100, 'actual_estimator__min_samples_split': 2, 'actual_estimator__max_depth': 3, 'actual_estimator__learning_rate': 0.2}
2021-10-22 11:17:08,999:INFO:Hyperparameter search completed
2021-10-22 11:17:08,999:INFO:SubProcess create_model() called ==================================
2021-10-22 11:17:09,001:INFO:Initializing create_model()
2021-10-22 11:17:09,001:INFO:create_model(estimator=GradientBoostingClassifier(ccp_alpha=0.0, criterion='friedman_mse', init=None,
                           learning_rate=0.1, loss='deviance', max_depth=3,
                           max_features=None, max_leaf_nodes=None,
                           min_impurity_decrease=0.0, min_impurity_split=None,
                           min_samples_leaf=1, min_samples_split=2,
                           min_weight_fraction_leaf=0.0, n_estimators=100,
                           n_iter_no_change=None, presort='deprecated',
                           random_state=6349, subsample=1.0, tol=0.0001,
                           validation_fraction=0.1, verbose=0,
                           warm_start=False), fold=StratifiedKFold(n_splits=5, random_state=None, shuffle=False), round=4, cross_validation=True, predict=True, fit_kwargs={}, groups=None, refit=True, verbose=True, system=False, metrics=None, add_to_model_list=True, display=<pycaret.internal.Display.Display object at 0x000001F1DB8867F0>, kwargs={'n_estimators': 100, 'min_samples_split': 2, 'max_depth': 3, 'learning_rate': 0.2})
2021-10-22 11:17:09,002:INFO:Checking exceptions
2021-10-22 11:17:09,002:INFO:Importing libraries
2021-10-22 11:17:09,002:INFO:Copying training dataset
2021-10-22 11:17:09,004:INFO:Defining folds
2021-10-22 11:17:09,005:INFO:Declaring metric variables
2021-10-22 11:17:09,039:INFO:Importing untrained model
2021-10-22 11:17:09,039:INFO:Declaring custom model
2021-10-22 11:17:09,068:INFO:Gradient Boosting Classifier Imported succesfully
2021-10-22 11:17:09,140:INFO:Starting cross validation
2021-10-22 11:17:09,144:INFO:Cross validating with StratifiedKFold(n_splits=5, random_state=None, shuffle=False), n_jobs=-1
2021-10-22 11:17:15,410:INFO:Calculating mean and std
2021-10-22 11:17:15,412:INFO:Creating metrics dataframe
2021-10-22 11:17:15,461:INFO:Finalizing model
2021-10-22 11:17:18,553:INFO:Uploading results into container
2021-10-22 11:17:18,553:INFO:Uploading model into container now
2021-10-22 11:17:18,554:INFO:create_model_container: 15
2021-10-22 11:17:18,554:INFO:master_model_container: 15
2021-10-22 11:17:18,554:INFO:display_container: 4
2021-10-22 11:17:18,557:INFO:GradientBoostingClassifier(ccp_alpha=0.0, criterion='friedman_mse', init=None,
                           learning_rate=0.2, loss='deviance', max_depth=3,
                           max_features=None, max_leaf_nodes=None,
                           min_impurity_decrease=0.0, min_impurity_split=None,
                           min_samples_leaf=1, min_samples_split=2,
                           min_weight_fraction_leaf=0.0, n_estimators=100,
                           n_iter_no_change=None, presort='deprecated',
                           random_state=6349, subsample=1.0, tol=0.0001,
                           validation_fraction=0.1, verbose=0,
                           warm_start=False)
2021-10-22 11:17:18,558:INFO:create_model() succesfully completed......................................
2021-10-22 11:17:18,717:INFO:SubProcess create_model() end ==================================
2021-10-22 11:17:18,754:INFO:create_model_container: 15
2021-10-22 11:17:18,754:INFO:master_model_container: 15
2021-10-22 11:17:18,755:INFO:display_container: 4
2021-10-22 11:17:18,759:INFO:GradientBoostingClassifier(ccp_alpha=0.0, criterion='friedman_mse', init=None,
                           learning_rate=0.2, loss='deviance', max_depth=3,
                           max_features=None, max_leaf_nodes=None,
                           min_impurity_decrease=0.0, min_impurity_split=None,
                           min_samples_leaf=1, min_samples_split=2,
                           min_weight_fraction_leaf=0.0, n_estimators=100,
                           n_iter_no_change=None, presort='deprecated',
                           random_state=6349, subsample=1.0, tol=0.0001,
                           validation_fraction=0.1, verbose=0,
                           warm_start=False)
2021-10-22 11:17:18,759:INFO:tune_model() succesfully completed......................................
2021-10-22 11:17:45,325:INFO:Initializing finalize_model()
2021-10-22 11:17:45,325:INFO:finalize_model(estimator=GradientBoostingClassifier(ccp_alpha=0.0, criterion='friedman_mse', init=None,
                           learning_rate=0.2, loss='deviance', max_depth=3,
                           max_features=None, max_leaf_nodes=None,
                           min_impurity_decrease=0.0, min_impurity_split=None,
                           min_samples_leaf=1, min_samples_split=2,
                           min_weight_fraction_leaf=0.0, n_estimators=100,
                           n_iter_no_change=None, presort='deprecated',
                           random_state=6349, subsample=1.0, tol=0.0001,
                           validation_fraction=0.1, verbose=0,
                           warm_start=False), fit_kwargs=None, groups=None, model_only=True, display=None)
2021-10-22 11:17:45,327:INFO:Finalizing GradientBoostingClassifier(ccp_alpha=0.0, criterion='friedman_mse', init=None,
                           learning_rate=0.2, loss='deviance', max_depth=3,
                           max_features=None, max_leaf_nodes=None,
                           min_impurity_decrease=0.0, min_impurity_split=None,
                           min_samples_leaf=1, min_samples_split=2,
                           min_weight_fraction_leaf=0.0, n_estimators=100,
                           n_iter_no_change=None, presort='deprecated',
                           random_state=6349, subsample=1.0, tol=0.0001,
                           validation_fraction=0.1, verbose=0,
                           warm_start=False)
2021-10-22 11:17:45,329:INFO:Initializing create_model()
2021-10-22 11:17:45,329:INFO:create_model(estimator=GradientBoostingClassifier(ccp_alpha=0.0, criterion='friedman_mse', init=None,
                           learning_rate=0.2, loss='deviance', max_depth=3,
                           max_features=None, max_leaf_nodes=None,
                           min_impurity_decrease=0.0, min_impurity_split=None,
                           min_samples_leaf=1, min_samples_split=2,
                           min_weight_fraction_leaf=0.0, n_estimators=100,
                           n_iter_no_change=None, presort='deprecated',
                           random_state=6349, subsample=1.0, tol=0.0001,
                           validation_fraction=0.1, verbose=0,
                           warm_start=False), fold=None, round=4, cross_validation=True, predict=True, fit_kwargs={}, groups=None, refit=True, verbose=False, system=False, metrics=None, add_to_model_list=False, display=None, kwargs={})
2021-10-22 11:17:45,330:INFO:Checking exceptions
2021-10-22 11:17:45,330:INFO:Importing libraries
2021-10-22 11:17:45,330:INFO:Copying training dataset
2021-10-22 11:17:45,332:INFO:Defining folds
2021-10-22 11:17:45,332:INFO:Declaring metric variables
2021-10-22 11:17:45,332:INFO:Importing untrained model
2021-10-22 11:17:45,333:INFO:Declaring custom model
2021-10-22 11:17:45,335:INFO:Gradient Boosting Classifier Imported succesfully
2021-10-22 11:17:45,335:INFO:Starting cross validation
2021-10-22 11:17:45,337:INFO:Cross validating with StratifiedKFold(n_splits=10, random_state=None, shuffle=False), n_jobs=-1
2021-10-22 11:17:58,819:INFO:Calculating mean and std
2021-10-22 11:17:58,822:INFO:Creating metrics dataframe
2021-10-22 11:17:58,832:INFO:Finalizing model
2021-10-22 11:18:02,418:INFO:create_model_container: 15
2021-10-22 11:18:02,419:INFO:master_model_container: 15
2021-10-22 11:18:02,421:INFO:display_container: 5
2021-10-22 11:18:02,422:INFO:GradientBoostingClassifier(ccp_alpha=0.0, criterion='friedman_mse', init=None,
                           learning_rate=0.2, loss='deviance', max_depth=3,
                           max_features=None, max_leaf_nodes=None,
                           min_impurity_decrease=0.0, min_impurity_split=None,
                           min_samples_leaf=1, min_samples_split=2,
                           min_weight_fraction_leaf=0.0, n_estimators=100,
                           n_iter_no_change=None, presort='deprecated',
                           random_state=6349, subsample=1.0, tol=0.0001,
                           validation_fraction=0.1, verbose=0,
                           warm_start=False)
2021-10-22 11:18:02,423:INFO:create_model() succesfully completed......................................
2021-10-22 11:18:02,602:INFO:create_model_container: 15
2021-10-22 11:18:02,603:INFO:master_model_container: 15
2021-10-22 11:18:02,603:INFO:display_container: 4
2021-10-22 11:18:02,606:INFO:GradientBoostingClassifier(ccp_alpha=0.0, criterion='friedman_mse', init=None,
                           learning_rate=0.2, loss='deviance', max_depth=3,
                           max_features=None, max_leaf_nodes=None,
                           min_impurity_decrease=0.0, min_impurity_split=None,
                           min_samples_leaf=1, min_samples_split=2,
                           min_weight_fraction_leaf=0.0, n_estimators=100,
                           n_iter_no_change=None, presort='deprecated',
                           random_state=6349, subsample=1.0, tol=0.0001,
                           validation_fraction=0.1, verbose=0,
                           warm_start=False)
2021-10-22 11:18:02,606:INFO:finalize_model() succesfully completed......................................
2021-10-22 11:18:22,208:INFO:Initializing save_model()
2021-10-22 11:18:22,208:INFO:save_model(model=GradientBoostingClassifier(ccp_alpha=0.0, criterion='friedman_mse', init=None,
                           learning_rate=0.2, loss='deviance', max_depth=3,
                           max_features=None, max_leaf_nodes=None,
                           min_impurity_decrease=0.0, min_impurity_split=None,
                           min_samples_leaf=1, min_samples_split=2,
                           min_weight_fraction_leaf=0.0, n_estimators=100,
                           n_iter_no_change=None, presort='deprecated',
                           random_state=6349, subsample=1.0, tol=0.0001,
                           validation_fraction=0.1, verbose=0,
                           warm_start=False), model_name=model, prep_pipe_=Pipeline(memory=None,
         steps=[('dtypes',
                 DataTypes_Auto_infer(categorical_features=[],
                                      display_types=True, features_todrop=[],
                                      id_columns=[],
                                      ml_usecase='classification',
                                      numerical_features=['averageMonthlyHours',
                                                          'yearsAtCompany'],
                                      target='turnover', time_features=[])),
                ('imputer',
                 Simple_Imputer(categorical_strategy='not_available',
                                fill_value_categorical=None...
                ('P_transform', 'passthrough'), ('binn', 'passthrough'),
                ('rem_outliers', 'passthrough'), ('cluster_all', 'passthrough'),
                ('dummy', Dummify(target='turnover')),
                ('fix_perfect', Remove_100(target='turnover')),
                ('clean_names', Clean_Colum_Names()),
                ('feature_select', 'passthrough'), ('fix_multi', 'passthrough'),
                ('dfs', 'passthrough'), ('pca', 'passthrough')],
         verbose=False), verbose=True, kwargs={})
2021-10-22 11:18:22,208:INFO:Adding model into prep_pipe
2021-10-22 11:18:22,264:INFO:model.pkl saved in current working directory
2021-10-22 11:18:22,292:INFO:Pipeline(memory=None,
         steps=[('dtypes',
                 DataTypes_Auto_infer(categorical_features=[],
                                      display_types=True, features_todrop=[],
                                      id_columns=[],
                                      ml_usecase='classification',
                                      numerical_features=['averageMonthlyHours',
                                                          'yearsAtCompany'],
                                      target='turnover', time_features=[])),
                ('imputer',
                 Simple_Imputer(categorical_strategy='not_available',
                                fill_value_categorical=None...
                                            learning_rate=0.2, loss='deviance',
                                            max_depth=3, max_features=None,
                                            max_leaf_nodes=None,
                                            min_impurity_decrease=0.0,
                                            min_impurity_split=None,
                                            min_samples_leaf=1,
                                            min_samples_split=2,
                                            min_weight_fraction_leaf=0.0,
                                            n_estimators=100,
                                            n_iter_no_change=None,
                                            presort='deprecated',
                                            random_state=6349, subsample=1.0,
                                            tol=0.0001, validation_fraction=0.1,
                                            verbose=0, warm_start=False)]],
         verbose=False)
2021-10-22 11:18:22,293:INFO:save_model() successfully completed......................................
