2021-10-22 12:26:42,681:INFO:Initializing load_model()
2021-10-22 12:26:42,682:INFO:load_model(model_name=model, platform=None, authentication=None, verbose=True)
2021-10-22 12:28:39,568:INFO:Initializing load_model()
2021-10-22 12:28:39,569:INFO:load_model(model_name=model, platform=None, authentication=None, verbose=True)
2021-10-22 12:28:39,790:INFO:Initializing predict_model()
2021-10-22 12:28:39,791:INFO:predict_model(estimator=Pipeline(steps=[('dtypes',
                 DataTypes_Auto_infer(ml_usecase='classification',
                                      numerical_features=['averageMonthlyHours',
                                                          'yearsAtCompany'],
                                      target='turnover')),
                ('imputer',
                 Simple_Imputer(categorical_strategy='not_available',
                                fill_value_categorical=None,
                                fill_value_numerical=None,
                                numeric_strategy='mean',
                                target_variable=None)),
                ('new_levels1',
                 New_Catagorical_...
                ('rem_outliers', 'passthrough'), ('cluster_all', 'passthrough'),
                ('dummy', Dummify(target='turnover')),
                ('fix_perfect', Remove_100(target='turnover')),
                ('clean_names', Clean_Colum_Names()),
                ('feature_select', 'passthrough'), ('fix_multi', 'passthrough'),
                ('dfs', 'passthrough'), ('pca', 'passthrough'),
                ['trained_model',
                 GradientBoostingClassifier(learning_rate=0.2,
                                            random_state=6349)]]), probability_threshold=None, encoded_labels=False, raw_score=False, round=4, verbose=True, ml_usecase=MLUsecase.CLASSIFICATION, display=None)
2021-10-22 12:28:39,794:INFO:Checking exceptions
2021-10-22 12:28:39,795:INFO:Preloading libraries
2021-10-22 12:32:38,939:INFO:Initializing load_model()
2021-10-22 12:32:38,940:INFO:load_model(model_name=model, platform=None, authentication=None, verbose=True)
2021-10-22 12:32:40,616:INFO:Initializing load_model()
2021-10-22 12:32:40,619:INFO:load_model(model_name=model, platform=None, authentication=None, verbose=True)
2021-10-22 12:32:42,366:INFO:Initializing load_model()
2021-10-22 12:32:42,367:INFO:load_model(model_name=model, platform=None, authentication=None, verbose=True)
2021-10-22 12:32:44,041:INFO:Initializing load_model()
2021-10-22 12:32:44,043:INFO:load_model(model_name=model, platform=None, authentication=None, verbose=True)
2021-10-22 12:32:56,986:INFO:Initializing load_model()
2021-10-22 12:32:56,987:INFO:load_model(model_name=model, platform=None, authentication=None, verbose=True)
2021-10-22 12:32:57,208:INFO:Initializing predict_model()
2021-10-22 12:32:57,210:INFO:predict_model(estimator=Pipeline(steps=[('dtypes',
                 DataTypes_Auto_infer(ml_usecase='classification',
                                      numerical_features=['averageMonthlyHours',
                                                          'yearsAtCompany'],
                                      target='turnover')),
                ('imputer',
                 Simple_Imputer(categorical_strategy='not_available',
                                fill_value_categorical=None,
                                fill_value_numerical=None,
                                numeric_strategy='mean',
                                target_variable=None)),
                ('new_levels1',
                 New_Catagorical_...
                ('rem_outliers', 'passthrough'), ('cluster_all', 'passthrough'),
                ('dummy', Dummify(target='turnover')),
                ('fix_perfect', Remove_100(target='turnover')),
                ('clean_names', Clean_Colum_Names()),
                ('feature_select', 'passthrough'), ('fix_multi', 'passthrough'),
                ('dfs', 'passthrough'), ('pca', 'passthrough'),
                ['trained_model',
                 GradientBoostingClassifier(learning_rate=0.2,
                                            random_state=6349)]]), probability_threshold=None, encoded_labels=False, raw_score=False, round=4, verbose=True, ml_usecase=MLUsecase.CLASSIFICATION, display=None)
2021-10-22 12:32:57,214:INFO:Checking exceptions
2021-10-22 12:32:57,215:INFO:Preloading libraries
2021-10-22 13:38:43,667:INFO:Initializing load_model()
2021-10-22 13:38:43,667:INFO:load_model(model_name=model, platform=None, authentication=None, verbose=True)
2021-10-22 13:38:48,597:INFO:Initializing load_model()
2021-10-22 13:38:48,598:INFO:load_model(model_name=model, platform=None, authentication=None, verbose=True)
2021-10-22 13:38:48,870:INFO:Initializing predict_model()
2021-10-22 13:38:48,872:INFO:predict_model(estimator=Pipeline(steps=[('dtypes',
                 DataTypes_Auto_infer(ml_usecase='classification',
                                      numerical_features=['averageMonthlyHours',
                                                          'yearsAtCompany'],
                                      target='turnover')),
                ('imputer',
                 Simple_Imputer(categorical_strategy='not_available',
                                fill_value_categorical=None,
                                fill_value_numerical=None,
                                numeric_strategy='mean',
                                target_variable=None)),
                ('new_levels1',
                 New_Catagorical_...
                ('rem_outliers', 'passthrough'), ('cluster_all', 'passthrough'),
                ('dummy', Dummify(target='turnover')),
                ('fix_perfect', Remove_100(target='turnover')),
                ('clean_names', Clean_Colum_Names()),
                ('feature_select', 'passthrough'), ('fix_multi', 'passthrough'),
                ('dfs', 'passthrough'), ('pca', 'passthrough'),
                ['trained_model',
                 GradientBoostingClassifier(learning_rate=0.2,
                                            random_state=6349)]]), probability_threshold=None, encoded_labels=False, raw_score=False, round=4, verbose=True, ml_usecase=MLUsecase.CLASSIFICATION, display=None)
2021-10-22 13:38:48,876:INFO:Checking exceptions
2021-10-22 13:38:48,877:INFO:Preloading libraries
2021-10-22 13:57:35,688:INFO:Initializing load_model()
2021-10-22 13:57:35,690:INFO:load_model(model_name=model, platform=None, authentication=None, verbose=True)
2021-10-22 13:57:36,010:INFO:Initializing predict_model()
2021-10-22 13:57:36,011:INFO:predict_model(estimator=Pipeline(steps=[('dtypes',
                 DataTypes_Auto_infer(ml_usecase='classification',
                                      numerical_features=['averageMonthlyHours',
                                                          'yearsAtCompany'],
                                      target='turnover')),
                ('imputer',
                 Simple_Imputer(categorical_strategy='not_available',
                                fill_value_categorical=None,
                                fill_value_numerical=None,
                                numeric_strategy='mean',
                                target_variable=None)),
                ('new_levels1',
                 New_Catagorical_...
                ('rem_outliers', 'passthrough'), ('cluster_all', 'passthrough'),
                ('dummy', Dummify(target='turnover')),
                ('fix_perfect', Remove_100(target='turnover')),
                ('clean_names', Clean_Colum_Names()),
                ('feature_select', 'passthrough'), ('fix_multi', 'passthrough'),
                ('dfs', 'passthrough'), ('pca', 'passthrough'),
                ['trained_model',
                 GradientBoostingClassifier(learning_rate=0.2,
                                            random_state=6349)]]), probability_threshold=None, encoded_labels=False, raw_score=False, round=4, verbose=True, ml_usecase=MLUsecase.CLASSIFICATION, display=None)
2021-10-22 13:57:36,015:INFO:Checking exceptions
2021-10-22 13:57:36,017:INFO:Preloading libraries
